2019-07-08 15:48:04,882 - ProtoJson2Hpp.py[line:40] - ERROR: {"typeName": "TestType", "isMsg": false, "fields": [{"default": 0, "type": "ui64", "name": "myUi64"}]}
2019-07-08 15:48:04,885 - ProtoJson2Hpp.py[line:41] - CRITICAL: number :1 no typeName
2019-07-08 15:48:17,052 - ProtoJson2Hpp.py[line:40] - ERROR: {"typeName": "TestType", "isMsg": false, "fields": [{"default": 0, "type": "ui64", "name": "myUi64"}]}
2019-07-08 15:48:17,055 - ProtoJson2Hpp.py[line:41] - CRITICAL: number :1 no typeName
2019-07-08 15:48:27,296 - ProtoJson2Hpp.py[line:40] - ERROR: {"typeName": "TestType", "isMsg": false, "fields": [{"default": 0, "type": "ui64", "name": "myUi64"}]}
2019-07-08 15:48:27,299 - ProtoJson2Hpp.py[line:41] - CRITICAL: number :1 no typeName
2019-07-08 15:49:30,868 - ProtoJson2Hpp.py[line:44] - ERROR: {"typeName": "TestType", "isMsg": false, "fields": [{"default": 0, "type": "ui64", "name": "myUi64"}]}
2019-07-08 15:49:30,869 - ProtoJson2Hpp.py[line:45] - CRITICAL: number :1 typeName not str
2019-07-08 15:50:57,243 - ProtoJson2Hpp.py[line:45] - ERROR: {"typeName": "TestType", "isMsg": false, "fields": [{"default": 0, "type": "ui64", "name": "myUi64"}]}
2019-07-08 15:50:57,246 - ProtoJson2Hpp.py[line:46] - CRITICAL: number :1 typeName not str
2019-07-08 15:51:59,440 - ProtoJson2Hpp.py[line:45] - ERROR: {"typeName": "TestType", "isMsg": false, "fields": [{"default": 0, "type": "ui64", "name": "myUi64"}]}
2019-07-08 15:51:59,444 - ProtoJson2Hpp.py[line:46] - CRITICAL: number :1 typeName not str
2019-07-08 15:52:14,253 - ProtoJson2Hpp.py[line:45] - ERROR: {"typeName": "TestType", "isMsg": false, "fields": [{"default": 0, "type": "ui64", "name": "myUi64"}]}
2019-07-08 15:52:14,256 - ProtoJson2Hpp.py[line:46] - CRITICAL: number :1 typeName not str
2019-07-08 15:53:00,542 - ProtoJson2Hpp.py[line:45] - ERROR: {"typeName": 0, "isMsg": false, "fields": [{"default": 0, "type": "ui64", "name": "myUi64"}]}
2019-07-08 15:53:00,545 - ProtoJson2Hpp.py[line:46] - CRITICAL: number :2 typeName not str
2019-07-08 15:57:04,563 - ProtoJson2Hpp.py[line:51] - CRITICAL: duplicate typeName:TestType
2019-07-08 15:58:57,898 - ProtoJson2Hpp.py[line:51] - ERROR: {"typeName": "TestType", "isMsg": false, "fields": [{"default": 0, "type": "ui64", "name": "myUi64"}]}
2019-07-08 15:58:57,900 - ProtoJson2Hpp.py[line:52] - CRITICAL: duplicate typeName:TestType
2019-07-08 16:51:39,854 - ProtoJson2Hpp.py[line:69] - ERROR: {"typeName": "TestType", "isMsg": false, "fields": [{"default": 0, "type": "ui64", "name": "myUi64"}]}
2019-07-08 16:51:39,855 - ProtoJson2Hpp.py[line:70] - CRITICAL: duplicate typeName:TestType
2019-07-08 16:52:09,921 - ProtoJson2Hpp.py[line:69] - ERROR: {"typeName": "TestType", "isMsg": false, "fields": [{"default": 0, "type": "ui64", "name": "myUi64"}]}
2019-07-08 16:52:09,924 - ProtoJson2Hpp.py[line:70] - CRITICAL: duplicate typeName:TestType
2019-07-08 17:24:25,223 - ProtoJson2Hpp.py[line:113] - ERROR: {"typeName": "TestType3", "file": "TestProto2.hpp", "isMsg": false, "fields": [{"default": 0, "t": "TestTypeXX", "type": "<TestTypeXX", "name": "test", "vDepth": 1}]}
2019-07-08 17:24:25,226 - ProtoJson2Hpp.py[line:114] - CRITICAL: field type TestTypeXX not found
2019-07-08 17:26:12,434 - ProtoJson2Hpp.py[line:116] - ERROR: {"typeName": "TestType3", "file": "TestProto2.hpp", "isMsg": false, "fields": [{"default": 0, "t": "TestType3", "type": "<TestType3", "name": "test", "vDepth": 1}]}
2019-07-08 17:26:12,437 - ProtoJson2Hpp.py[line:117] - CRITICAL: not support self ref
2019-07-08 17:26:25,555 - ProtoJson2Hpp.py[line:112] - ERROR: {"typeName": "TestType3", "file": "TestProto2.hpp", "isMsg": false, "fields": [{"default": 0, "t": "TestType4", "type": "<TestType4", "name": "test", "vDepth": 1}]}
2019-07-08 17:26:25,556 - ProtoJson2Hpp.py[line:113] - CRITICAL: field type TestType4 not found
2019-07-08 17:56:54,323 - ProtoJson2Hpp.py[line:74] - ERROR: {"typeName": "TestTypeID", "isMsg": true, "fields": [{"type": "<TestType2", "name": "test"}]}
2019-07-08 17:56:54,325 - ProtoJson2Hpp.py[line:75] - CRITICAL: typeName end can not be ID
